<?xml version="1.0" encoding="UTF-8"?>
<!-- Generated by org.testng.reporters.JUnitReportReporter -->
<testsuite skipped="0" hostname="DESKTOP-VLK9PMB" name="test.LoginTest" tests="1" failures="0" timestamp="2022-07-01T14:23:23 CDT" time="3.651" errors="0">
  <testcase name="vllidUserShouldBeAbleToLogin" time="3.651" classname="test.LoginTest"/>
  <system-out/>
</testsuite> <!-- test.LoginTest -->
