<?xml version="1.0" encoding="UTF-8"?>
<!-- Generated by org.testng.reporters.JUnitReportReporter -->
<testsuite skipped="0" hostname="DESKTOP-VLK9PMB" name="test.AddContactTest" tests="1" failures="0" timestamp="2022-07-13T00:59:40 CDT" time="16.132" errors="0">
  <testcase name="clickCHeck" time="16.132" classname="test.AddContactTest"/>
  <system-out/>
</testsuite> <!-- test.AddContactTest -->
